<?xml version="1.0" encoding="UTF-8"?>
<testng-results ignored="0" total="1" passed="1" failed="0" skipped="0">
  <reporter-output>
  </reporter-output>
  <suite started-at="2024-07-08T09:08:16 IST" name="Default suite" finished-at="2024-07-08T09:08:24 IST" duration-ms="8137">
    <groups>
    </groups>
    <test started-at="2024-07-08T09:08:16 IST" name="Default test" finished-at="2024-07-08T09:08:24 IST" duration-ms="8137">
      <class name="My_Package.Insta_data_driven">
        <test-method is-config="true" signature="setup()[pri:0, instance:My_Package.Insta_data_driven@2cf3d63b]" started-at="2024-07-08T09:08:16 IST" name="setup" finished-at="2024-07-08T09:08:19 IST" duration-ms="3120" status="PASS">
          <reporter-output>
          </reporter-output>
        </test-method> <!-- setup -->
        <test-method signature="tc1()[pri:0, instance:My_Package.Insta_data_driven@2cf3d63b]" started-at="2024-07-08T09:08:19 IST" name="tc1" finished-at="2024-07-08T09:08:21 IST" duration-ms="1731" status="PASS">
          <reporter-output>
          </reporter-output>
        </test-method> <!-- tc1 -->
        <test-method is-config="true" signature="teardwon()[pri:0, instance:My_Package.Insta_data_driven@2cf3d63b]" started-at="2024-07-08T09:08:21 IST" name="teardwon" finished-at="2024-07-08T09:08:24 IST" duration-ms="3240" status="PASS">
          <reporter-output>
          </reporter-output>
        </test-method> <!-- teardwon -->
      </class> <!-- My_Package.Insta_data_driven -->
    </test> <!-- Default test -->
  </suite> <!-- Default suite -->
</testng-results>
