<?xml version="1.0" encoding="UTF-8"?>
<testng-results ignored="0" total="1" passed="1" failed="0" skipped="0">
  <reporter-output>
  </reporter-output>
  <suite started-at="2024-07-08T08:54:43 IST" name="Default suite" finished-at="2024-07-08T08:54:47 IST" duration-ms="4418">
    <groups>
    </groups>
    <test started-at="2024-07-08T08:54:43 IST" name="Default test" finished-at="2024-07-08T08:54:47 IST" duration-ms="4418">
      <class name="My_Package.Uploading_File">
        <test-method is-config="true" signature="setup()[pri:0, instance:My_Package.Uploading_File@2cf3d63b]" started-at="2024-07-08T08:54:43 IST" name="setup" finished-at="2024-07-08T08:54:47 IST" duration-ms="4049" status="PASS">
          <reporter-output>
          </reporter-output>
        </test-method> <!-- setup -->
        <test-method signature="tc1()[pri:0, instance:My_Package.Uploading_File@2cf3d63b]" started-at="2024-07-08T08:54:47 IST" name="tc1" finished-at="2024-07-08T08:54:47 IST" duration-ms="319" status="PASS">
          <reporter-output>
          </reporter-output>
        </test-method> <!-- tc1 -->
      </class> <!-- My_Package.Uploading_File -->
    </test> <!-- Default test -->
  </suite> <!-- Default suite -->
</testng-results>
